Using pre-set license
Built from '2022.3/staging' branch; Version is '2022.3.4f1 (35713cd46cd7) revision 3502396'; Using compiler version '192829333'; Build Type 'Release'
OS: 'Windows 11  (10.0.22000) 64bit Education' Language: 'ko' Physical Memory: 16125 MB
BatchMode: 1, IsHumanControllingUs: 0, StartBugReporterOnCrash: 0, Is64bit: 1, IsPro: 1

COMMAND LINE ARGUMENTS:
C:\Program Files\Unity 2022.3.4f1\Editor\Unity.exe
-adb2
-batchMode
-noUpm
-name
AssetImportWorker4
-projectPath
C:/GitHub/unity_nohead_t/noHead
-logFile
Logs/AssetImportWorker4.log
-srvPort
58316
Successfully changed project path to: C:/GitHub/unity_nohead_t/noHead
C:/GitHub/unity_nohead_t/noHead
[UnityMemory] Configuration Parameters - Can be set up in boot.config
    "memorysetup-bucket-allocator-granularity=16"
    "memorysetup-bucket-allocator-bucket-count=8"
    "memorysetup-bucket-allocator-block-size=33554432"
    "memorysetup-bucket-allocator-block-count=8"
    "memorysetup-main-allocator-block-size=16777216"
    "memorysetup-thread-allocator-block-size=16777216"
    "memorysetup-gfx-main-allocator-block-size=16777216"
    "memorysetup-gfx-thread-allocator-block-size=16777216"
    "memorysetup-cache-allocator-block-size=4194304"
    "memorysetup-typetree-allocator-block-size=2097152"
    "memorysetup-profiler-bucket-allocator-granularity=16"
    "memorysetup-profiler-bucket-allocator-bucket-count=8"
    "memorysetup-profiler-bucket-allocator-block-size=33554432"
    "memorysetup-profiler-bucket-allocator-block-count=8"
    "memorysetup-profiler-allocator-block-size=16777216"
    "memorysetup-profiler-editor-allocator-block-size=1048576"
    "memorysetup-temp-allocator-size-main=16777216"
    "memorysetup-job-temp-allocator-block-size=2097152"
    "memorysetup-job-temp-allocator-block-size-background=1048576"
    "memorysetup-job-temp-allocator-reduction-small-platforms=262144"
    "memorysetup-allocator-temp-initial-block-size-main=262144"
    "memorysetup-allocator-temp-initial-block-size-worker=262144"
    "memorysetup-temp-allocator-size-background-worker=32768"
    "memorysetup-temp-allocator-size-job-worker=262144"
    "memorysetup-temp-allocator-size-preload-manager=33554432"
    "memorysetup-temp-allocator-size-nav-mesh-worker=65536"
    "memorysetup-temp-allocator-size-audio-worker=65536"
    "memorysetup-temp-allocator-size-cloud-worker=32768"
    "memorysetup-temp-allocator-size-gi-baking-worker=262144"
    "memorysetup-temp-allocator-size-gfx=262144"
Player connection [30628] Host "[IP] 111.118.47.120 [Port] 0 [Flags] 2 [Guid] 3722576074 [EditorId] 3722576074 [Version] 1048832 [Id] WindowsEditor(7,DESKTOP-S6FGN3H) [Debug] 1 [PackageName] WindowsEditor [ProjectName] Editor" joined multi-casting on [225.0.0.222:54997]...

Player connection [30628] Host "[IP] 111.118.47.120 [Port] 0 [Flags] 2 [Guid] 3722576074 [EditorId] 3722576074 [Version] 1048832 [Id] WindowsEditor(7,DESKTOP-S6FGN3H) [Debug] 1 [PackageName] WindowsEditor [ProjectName] Editor" joined alternative multi-casting on [225.0.0.222:34997]...

Refreshing native plugins compatible for Editor in 9.39 ms, found 3 plugins.
Preloading 0 native plugins for Editor in 0.00 ms.
Initialize engine version: 2022.3.4f1 (35713cd46cd7)
[Subsystems] Discovering subsystems at path C:/Program Files/Unity 2022.3.4f1/Editor/Data/Resources/UnitySubsystems
[Subsystems] Discovering subsystems at path C:/GitHub/unity_nohead_t/noHead/Assets
GfxDevice: creating device client; threaded=0; jobified=0
Direct3D:
    Version:  Direct3D 11.0 [level 11.1]
    Renderer: AMD Radeon RX 6500 XT (ID=0x743f)
    Vendor:   ATI
    VRAM:     4051 MB
    Driver:   31.0.14057.5006
Initialize mono
Mono path[0] = 'C:/Program Files/Unity 2022.3.4f1/Editor/Data/Managed'
Mono path[1] = 'C:/Program Files/Unity 2022.3.4f1/Editor/Data/MonoBleedingEdge/lib/mono/unityjit-win32'
Mono config path = 'C:/Program Files/Unity 2022.3.4f1/Editor/Data/MonoBleedingEdge/etc'
Using monoOptions --debugger-agent=transport=dt_socket,embedding=1,server=y,suspend=n,address=127.0.0.1:56852
Begin MonoManager ReloadAssembly
Registering precompiled unity dll's ...
Register platform support module: C:/Program Files/Unity 2022.3.4f1/Editor/Data/PlaybackEngines/WindowsStandaloneSupport/UnityEditor.WindowsStandalone.Extensions.dll
Registered in 0.004243 seconds.
- Loaded All Assemblies, in  0.244 seconds
Native extension for WindowsStandalone target not found
Mono: successfully reloaded assembly
- Finished resetting the current domain, in  0.189 seconds
Domain Reload Profiling: 432ms
	BeginReloadAssembly (70ms)
		ExecutionOrderSort (0ms)
		DisableScriptedObjects (0ms)
		BackupInstance (0ms)
		ReleaseScriptingObjects (0ms)
		CreateAndSetChildDomain (1ms)
	RebuildCommonClasses (26ms)
	RebuildNativeTypeToScriptingClass (9ms)
	initialDomainReloadingComplete (42ms)
	LoadAllAssembliesAndSetupDomain (95ms)
		LoadAssemblies (69ms)
		RebuildTransferFunctionScriptingTraits (0ms)
		AnalyzeDomain (91ms)
			TypeCache.Refresh (90ms)
				TypeCache.ScanAssembly (82ms)
			ScanForSourceGeneratedMonoScriptInfo (0ms)
			ResolveRequiredComponents (0ms)
	FinalizeReload (189ms)
		ReleaseScriptCaches (0ms)
		RebuildScriptCaches (0ms)
		SetupLoadedEditorAssemblies (148ms)
			LogAssemblyErrors (0ms)
			InitializePlatformSupportModulesInManaged (6ms)
			SetLoadedEditorAssemblies (6ms)
			RefreshPlugins (0ms)
			BeforeProcessingInitializeOnLoad (1ms)
			ProcessInitializeOnLoadAttributes (96ms)
			ProcessInitializeOnLoadMethodAttributes (39ms)
			AfterProcessingInitializeOnLoad (0ms)
			EditorAssembliesLoaded (0ms)
		ExecutionOrderSort2 (0ms)
		AwakeInstancesAfterBackupRestoration (0ms)
========================================================================
Worker process is ready to serve import requests
Begin MonoManager ReloadAssembly
Symbol file data-000001ABFEE843C0 doesn't match image C:\GitHub\unity_nohead_t\noHead\Library\ScriptAssemblies\Unity.EditorCoroutines.Editor.dll
Symbol file LoadedFromMemory is not a mono symbol file
Symbol file data-000001ABFED23710 doesn't match image C:\GitHub\unity_nohead_t\noHead\Library\ScriptAssemblies\Unity.PlasticSCM.Editor.dll
Symbol file LoadedFromMemory is not a mono symbol file
Symbol file data-000001ABFC48F030 doesn't match image C:\GitHub\unity_nohead_t\noHead\Library\ScriptAssemblies\Unity.Timeline.Editor.dll
Symbol file LoadedFromMemory is not a mono symbol file
Symbol file data-000001ABFF107A30 doesn't match image C:\GitHub\unity_nohead_t\noHead\Library\ScriptAssemblies\Unity.VisualScripting.Shared.Editor.dll
Symbol file LoadedFromMemory is not a mono symbol file
Symbol file data-000001ABFED33AC0 doesn't match image C:\GitHub\unity_nohead_t\noHead\Library\ScriptAssemblies\Unity.CollabProxy.Editor.dll
Symbol file LoadedFromMemory is not a mono symbol file
Symbol file data-000001ABFED4CAD0 doesn't match image C:\GitHub\unity_nohead_t\noHead\Library\ScriptAssemblies\Unity.VisualStudio.Editor.dll
Symbol file LoadedFromMemory is not a mono symbol file
Symbol file data-000001ABFC48F030 doesn't match image C:\GitHub\unity_nohead_t\noHead\Library\ScriptAssemblies\UnityEditor.UI.dll
Symbol file LoadedFromMemory is not a mono symbol file
Symbol file data-000001ABFC48F030 doesn't match image C:\GitHub\unity_nohead_t\noHead\Library\ScriptAssemblies\Unity.VisualScripting.Core.dll
Symbol file LoadedFromMemory is not a mono symbol file
Symbol file data-000001ABFF1E7020 doesn't match image C:\GitHub\unity_nohead_t\noHead\Library\ScriptAssemblies\UnityEngine.UI.dll
Symbol file LoadedFromMemory is not a mono symbol file
Symbol file data-000001ABFE4B9020 doesn't match image C:\GitHub\unity_nohead_t\noHead\Library\ScriptAssemblies\Unity.VisualScripting.Core.Editor.dll
Symbol file LoadedFromMemory is not a mono symbol file
Symbol file data-000001ABFC4D0640 doesn't match image C:\GitHub\unity_nohead_t\noHead\Library\ScriptAssemblies\Unity.Rider.Editor.dll
Symbol file LoadedFromMemory is not a mono symbol file
Symbol file data-000001ABFEF8C010 doesn't match image C:\GitHub\unity_nohead_t\noHead\Library\ScriptAssemblies\UnityEditor.TestRunner.dll
Symbol file LoadedFromMemory is not a mono symbol file
Symbol file data-000001ABFEF8C010 doesn't match image C:\GitHub\unity_nohead_t\noHead\Library\ScriptAssemblies\Unity.VisualScripting.Flow.dll
Symbol file LoadedFromMemory is not a mono symbol file
Symbol file data-000001AA4041E010 doesn't match image C:\GitHub\unity_nohead_t\noHead\Library\ScriptAssemblies\Unity.VisualScripting.Flow.Editor.dll
Symbol file LoadedFromMemory is not a mono symbol file
Symbol file data-000001AA4046E120 doesn't match image C:\GitHub\unity_nohead_t\noHead\Library\ScriptAssemblies\Unity.Timeline.dll
Symbol file LoadedFromMemory is not a mono symbol file
Symbol file data-000001ABFEFDD420 doesn't match image C:\GitHub\unity_nohead_t\noHead\Library\ScriptAssemblies\Unity.TestTools.CodeCoverage.Editor.OpenCover.Mono.Reflection.dll
Symbol file LoadedFromMemory is not a mono symbol file
Symbol file data-000001ABFEFDD420 doesn't match image C:\GitHub\unity_nohead_t\noHead\Library\ScriptAssemblies\Unity.VisualScripting.SettingsProvider.Editor.dll
Symbol file LoadedFromMemory is not a mono symbol file
Symbol file data-000001ABFEC2B010 doesn't match image C:\GitHub\unity_nohead_t\noHead\Library\ScriptAssemblies\Unity.Performance.Profile-Analyzer.Editor.dll
Symbol file LoadedFromMemory is not a mono symbol file
Symbol file data-000001ABFE7DDA10 doesn't match image C:\GitHub\unity_nohead_t\noHead\Library\ScriptAssemblies\Unity.TestTools.CodeCoverage.Editor.dll
Symbol file LoadedFromMemory is not a mono symbol file
Symbol file data-000001ABFE51B030 doesn't match image C:\GitHub\unity_nohead_t\noHead\Library\ScriptAssemblies\Unity.TestTools.CodeCoverage.Editor.OpenCover.Model.dll
Symbol file LoadedFromMemory is not a mono symbol file
Symbol file data-000001ABFE7E4420 doesn't match image C:\GitHub\unity_nohead_t\noHead\Library\ScriptAssemblies\UnityEngine.TestRunner.dll
Symbol file LoadedFromMemory is not a mono symbol file
Symbol file data-000001ABFE7E4420 doesn't match image C:\GitHub\unity_nohead_t\noHead\Library\ScriptAssemblies\Unity.VisualScripting.State.Editor.dll
Symbol file LoadedFromMemory is not a mono symbol file
Symbol file data-000001ABFE7EE830 doesn't match image C:\GitHub\unity_nohead_t\noHead\Library\ScriptAssemblies\Unity.Settings.Editor.dll
Symbol file LoadedFromMemory is not a mono symbol file
Symbol file data-000001ABFE9FBFB0 doesn't match image C:\GitHub\unity_nohead_t\noHead\Library\ScriptAssemblies\Unity.TextMeshPro.dll
Symbol file LoadedFromMemory is not a mono symbol file
Symbol file data-000001ABFC759110 doesn't match image C:\GitHub\unity_nohead_t\noHead\Library\ScriptAssemblies\Unity.TextMeshPro.Editor.dll
Symbol file LoadedFromMemory is not a mono symbol file
Symbol file data-000001ABFC760F20 doesn't match image C:\GitHub\unity_nohead_t\noHead\Library\ScriptAssemblies\Unity.VisualScripting.State.dll
Symbol file LoadedFromMemory is not a mono symbol file
Symbol file data-000001ABFC76CD30 doesn't match image C:\GitHub\unity_nohead_t\noHead\Library\ScriptAssemblies\Unity.VSCode.Editor.dll
Symbol file LoadedFromMemory is not a mono symbol file
Symbol file LoadedFromMemory doesn't match image C:\GitHub\unity_nohead_t\noHead\Library\PackageCache\com.unity.visualscripting@1.8.0\Editor\VisualScripting.Core\Dependencies\YamlDotNet\Unity.VisualScripting.YamlDotNet.dll
Symbol file LoadedFromMemory doesn't match image C:\GitHub\unity_nohead_t\noHead\Library\PackageCache\com.unity.visualscripting@1.8.0\Editor\VisualScripting.Core\Dependencies\DotNetZip\Unity.VisualScripting.IonicZip.dll
- Loaded All Assemblies, in  0.542 seconds
Refreshing native plugins compatible for Editor in 3.83 ms, found 3 plugins.
Native extension for WindowsStandalone target not found
Mono: successfully reloaded assembly
- Finished resetting the current domain, in  0.373 seconds
Domain Reload Profiling: 914ms
	BeginReloadAssembly (97ms)
		ExecutionOrderSort (0ms)
		DisableScriptedObjects (3ms)
		BackupInstance (0ms)
		ReleaseScriptingObjects (0ms)
		CreateAndSetChildDomain (14ms)
	RebuildCommonClasses (24ms)
	RebuildNativeTypeToScriptingClass (7ms)
	initialDomainReloadingComplete (33ms)
	LoadAllAssembliesAndSetupDomain (379ms)
		LoadAssemblies (218ms)
		RebuildTransferFunctionScriptingTraits (0ms)
		AnalyzeDomain (211ms)
			TypeCache.Refresh (195ms)
				TypeCache.ScanAssembly (187ms)
			ScanForSourceGeneratedMonoScriptInfo (11ms)
			ResolveRequiredComponents (5ms)
	FinalizeReload (374ms)
		ReleaseScriptCaches (0ms)
		RebuildScriptCaches (0ms)
		SetupLoadedEditorAssemblies (261ms)
			LogAssemblyErrors (0ms)
			InitializePlatformSupportModulesInManaged (4ms)
			SetLoadedEditorAssemblies (2ms)
			RefreshPlugins (0ms)
			BeforeProcessingInitializeOnLoad (42ms)
			ProcessInitializeOnLoadAttributes (191ms)
			ProcessInitializeOnLoadMethodAttributes (16ms)
			AfterProcessingInitializeOnLoad (5ms)
			EditorAssembliesLoaded (0ms)
		ExecutionOrderSort2 (0ms)
		AwakeInstancesAfterBackupRestoration (11ms)
Launched and connected shader compiler UnityShaderCompiler.exe after 0.04 seconds
Refreshing native plugins compatible for Editor in 3.94 ms, found 3 plugins.
Preloading 0 native plugins for Editor in 0.00 ms.
Unloading 3309 Unused Serialized files (Serialized files now loaded: 0)
Unloading 38 unused Assets / (59.1 KB). Loaded Objects now: 3771.
Memory consumption went from 128.3 MB to 128.3 MB.
Total: 2.052500 ms (FindLiveObjects: 0.133700 ms CreateObjectMapping: 0.063100 ms MarkObjects: 1.778200 ms  DeleteObjects: 0.077000 ms)

AssetImportParameters requested are different than current active one (requested -> active):
  custom:container-demuxer-ogg: 62fdf1f143b41e24485cea50d1cbac27 -> 
  custom:video-decoder-ogg-theora: a1e56fd34408186e4bbccfd4996cb3dc -> 
  custom:framework-win-MediaFoundation: 216162199b28c13a410421893ffa2e32 -> 
  custom:CustomObjectIndexerAttribute: 756ad292c208cfabdd7b50bc23989ffe -> 
  custom:container-demuxer-webm: 4f35f7cbe854078d1ac9338744f61a02 -> 
  custom:container-muxer-webm: aa71ff27fc2769a1b78a27578f13a17b -> 
  custom:video-decoder-webm-vp8: 9c59270c3fd7afecdb556c50c9e8de78 -> 
  custom:SearchIndexIgnoredProperties: e643bd26f0fe6173181afceb89e7c659 -> 
  custom:AudioImporter_EditorPlatform: d09bf68614088b80899f8185d706f6e7 -> 
  custom:video-encoder-webm-vp8: eb34c28f22e8b96e1ab97ce403110664 -> 
  custom:audio-decoder-ogg-vorbis: bf7c407c2cedff20999df2af8eb42d56 -> 
  custom:audio-encoder-webm-vorbis: bf7c407c2cedff20999df2af8eb42d56 -> 
========================================================================
Received Import Request.
  Time since last request: 5747.217247 seconds.
  path: Assets/LowPolyInterior/Prefabs/KitchenObjects/Plate_05.prefab
  artifactKey: Guid(6fe2e023753682f4d8e891785a877d4c) Importer(815301076,1909f56bfc062723c751e8b465ee728b)
Start importing Assets/LowPolyInterior/Prefabs/KitchenObjects/Plate_05.prefab using Guid(6fe2e023753682f4d8e891785a877d4c) Importer(815301076,1909f56bfc062723c751e8b465ee728b)  -> (artifact id: 'e9b14c7bd99c7d2ed793c94401f85888') in 0.084691 seconds
Number of updated asset objects reloaded before import = 0
Number of asset objects unloaded after import = 11
========================================================================
Received Import Request.
  Time since last request: 28.782656 seconds.
  path: Assets/LowPolyInterior/Prefabs/KitchenObjects/Plate_05.prefab
  artifactKey: Guid(6fe2e023753682f4d8e891785a877d4c) Importer(815301076,1909f56bfc062723c751e8b465ee728b)
Start importing Assets/LowPolyInterior/Prefabs/KitchenObjects/Plate_05.prefab using Guid(6fe2e023753682f4d8e891785a877d4c) Importer(815301076,1909f56bfc062723c751e8b465ee728b)  -> (artifact id: 'ce287969c0e6f434458acebd2bb95371') in 0.006682 seconds
Number of updated asset objects reloaded before import = 0
Number of asset objects unloaded after import = 11
========================================================================
Received Import Request.
  Time since last request: 1.218202 seconds.
  path: Assets/LowPolyInterior/Prefabs/KitchenObjects/Plate_05.prefab
  artifactKey: Guid(6fe2e023753682f4d8e891785a877d4c) Importer(815301076,1909f56bfc062723c751e8b465ee728b)
Start importing Assets/LowPolyInterior/Prefabs/KitchenObjects/Plate_05.prefab using Guid(6fe2e023753682f4d8e891785a877d4c) Importer(815301076,1909f56bfc062723c751e8b465ee728b)  -> (artifact id: '674a33fc55b32ff9d5ffdd36e749fa7a') in 0.006199 seconds
Number of updated asset objects reloaded before import = 0
Number of asset objects unloaded after import = 11
========================================================================
Received Prepare
Begin MonoManager ReloadAssembly
Symbol file data-000001AA40EE3020 doesn't match image C:\GitHub\unity_nohead_t\noHead\Library\ScriptAssemblies\Unity.EditorCoroutines.Editor.dll
Symbol file LoadedFromMemory is not a mono symbol file
Symbol file data-000001ABFE3F0080 doesn't match image C:\GitHub\unity_nohead_t\noHead\Library\ScriptAssemblies\Unity.PlasticSCM.Editor.dll
Symbol file LoadedFromMemory is not a mono symbol file
Symbol file data-000001AA4AE4E2A0 doesn't match image C:\GitHub\unity_nohead_t\noHead\Library\ScriptAssemblies\Unity.Timeline.Editor.dll
Symbol file LoadedFromMemory is not a mono symbol file
Symbol file data-000001AA40EE3020 doesn't match image C:\GitHub\unity_nohead_t\noHead\Library\ScriptAssemblies\Unity.VisualScripting.Shared.Editor.dll
Symbol file LoadedFromMemory is not a mono symbol file
Symbol file data-000001AA40FAADE0 doesn't match image C:\GitHub\unity_nohead_t\noHead\Library\ScriptAssemblies\Unity.CollabProxy.Editor.dll
Symbol file LoadedFromMemory is not a mono symbol file
Symbol file data-000001AA414D0050 doesn't match image C:\GitHub\unity_nohead_t\noHead\Library\ScriptAssemblies\Unity.VisualStudio.Editor.dll
Symbol file LoadedFromMemory is not a mono symbol file
Symbol file data-000001ABFF394010 doesn't match image C:\GitHub\unity_nohead_t\noHead\Library\ScriptAssemblies\UnityEditor.UI.dll
Symbol file LoadedFromMemory is not a mono symbol file
Symbol file data-000001AA4B1E0640 doesn't match image C:\GitHub\unity_nohead_t\noHead\Library\ScriptAssemblies\Unity.VisualScripting.Core.dll
Symbol file LoadedFromMemory is not a mono symbol file
Symbol file data-000001AA4B79F010 doesn't match image C:\GitHub\unity_nohead_t\noHead\Library\ScriptAssemblies\UnityEngine.UI.dll
Symbol file LoadedFromMemory is not a mono symbol file
Symbol file data-000001ABFE54C010 doesn't match image C:\GitHub\unity_nohead_t\noHead\Library\ScriptAssemblies\Unity.VisualScripting.Core.Editor.dll
Symbol file LoadedFromMemory is not a mono symbol file
Symbol file data-000001AA41928030 doesn't match image C:\GitHub\unity_nohead_t\noHead\Library\ScriptAssemblies\Unity.Rider.Editor.dll
Symbol file LoadedFromMemory is not a mono symbol file
Symbol file data-000001AA4B98E010 doesn't match image C:\GitHub\unity_nohead_t\noHead\Library\ScriptAssemblies\UnityEditor.TestRunner.dll
Symbol file LoadedFromMemory is not a mono symbol file
Symbol file data-000001ABFE3F0080 doesn't match image C:\GitHub\unity_nohead_t\noHead\Library\ScriptAssemblies\Unity.VisualScripting.Flow.dll
Symbol file LoadedFromMemory is not a mono symbol file
Symbol file data-000001AA4B2D3020 doesn't match image C:\GitHub\unity_nohead_t\noHead\Library\ScriptAssemblies\Unity.VisualScripting.Flow.Editor.dll
Symbol file LoadedFromMemory is not a mono symbol file
Symbol file data-000001AA41F85030 doesn't match image C:\GitHub\unity_nohead_t\noHead\Library\ScriptAssemblies\Unity.Timeline.dll
Symbol file LoadedFromMemory is not a mono symbol file
Symbol file data-000001AA41928030 doesn't match image C:\GitHub\unity_nohead_t\noHead\Library\ScriptAssemblies\Unity.TestTools.CodeCoverage.Editor.OpenCover.Mono.Reflection.dll
Symbol file LoadedFromMemory is not a mono symbol file
Symbol file data-000001AA41928030 doesn't match image C:\GitHub\unity_nohead_t\noHead\Library\ScriptAssemblies\Unity.VisualScripting.SettingsProvider.Editor.dll
Symbol file LoadedFromMemory is not a mono symbol file
Symbol file data-000001AA4161B010 doesn't match image C:\GitHub\unity_nohead_t\noHead\Library\ScriptAssemblies\Unity.Performance.Profile-Analyzer.Editor.dll
Symbol file LoadedFromMemory is not a mono symbol file
Symbol file data-000001ABFF372010 doesn't match image C:\GitHub\unity_nohead_t\noHead\Library\ScriptAssemblies\Unity.TestTools.CodeCoverage.Editor.dll
Symbol file LoadedFromMemory is not a mono symbol file
Symbol file data-000001AA4192C8D0 doesn't match image C:\GitHub\unity_nohead_t\noHead\Library\ScriptAssemblies\Unity.TestTools.CodeCoverage.Editor.OpenCover.Model.dll
Symbol file LoadedFromMemory is not a mono symbol file
Symbol file data-000001ABFC88A030 doesn't match image C:\GitHub\unity_nohead_t\noHead\Library\ScriptAssemblies\UnityEngine.TestRunner.dll
Symbol file LoadedFromMemory is not a mono symbol file
Symbol file data-000001AA4B93C2B0 doesn't match image C:\GitHub\unity_nohead_t\noHead\Library\ScriptAssemblies\Unity.VisualScripting.State.Editor.dll
Symbol file LoadedFromMemory is not a mono symbol file
Symbol file data-000001ABFF37A020 doesn't match image C:\GitHub\unity_nohead_t\noHead\Library\ScriptAssemblies\Unity.Settings.Editor.dll
Symbol file LoadedFromMemory is not a mono symbol file
Symbol file data-000001AA49F3F030 doesn't match image C:\GitHub\unity_nohead_t\noHead\Library\ScriptAssemblies\Unity.TextMeshPro.dll
Symbol file LoadedFromMemory is not a mono symbol file
Symbol file data-000001AA40716020 doesn't match image C:\GitHub\unity_nohead_t\noHead\Library\ScriptAssemblies\Unity.TextMeshPro.Editor.dll
Symbol file LoadedFromMemory is not a mono symbol file
Symbol file data-000001AA40E52090 doesn't match image C:\GitHub\unity_nohead_t\noHead\Library\ScriptAssemblies\Unity.VisualScripting.State.dll
Symbol file LoadedFromMemory is not a mono symbol file
Symbol file data-000001AA40E52090 doesn't match image C:\GitHub\unity_nohead_t\noHead\Library\ScriptAssemblies\Unity.VSCode.Editor.dll
Symbol file LoadedFromMemory is not a mono symbol file
Symbol file LoadedFromMemory doesn't match image C:\GitHub\unity_nohead_t\noHead\Library\PackageCache\com.unity.visualscripting@1.8.0\Editor\VisualScripting.Core\Dependencies\YamlDotNet\Unity.VisualScripting.YamlDotNet.dll
Symbol file LoadedFromMemory doesn't match image C:\GitHub\unity_nohead_t\noHead\Library\PackageCache\com.unity.visualscripting@1.8.0\Editor\VisualScripting.Core\Dependencies\DotNetZip\Unity.VisualScripting.IonicZip.dll
- Loaded All Assemblies, in  0.507 seconds
Refreshing native plugins compatible for Editor in 3.92 ms, found 3 plugins.
Native extension for WindowsStandalone target not found
Mono: successfully reloaded assembly
- Finished resetting the current domain, in  0.604 seconds
Domain Reload Profiling: 1109ms
	BeginReloadAssembly (111ms)
		ExecutionOrderSort (0ms)
		DisableScriptedObjects (3ms)
		BackupInstance (0ms)
		ReleaseScriptingObjects (0ms)
		CreateAndSetChildDomain (28ms)
	RebuildCommonClasses (23ms)
	RebuildNativeTypeToScriptingClass (9ms)
	initialDomainReloadingComplete (27ms)
	LoadAllAssembliesAndSetupDomain (334ms)
		LoadAssemblies (206ms)
		RebuildTransferFunctionScriptingTraits (0ms)
		AnalyzeDomain (177ms)
			TypeCache.Refresh (173ms)
				TypeCache.ScanAssembly (165ms)
			ScanForSourceGeneratedMonoScriptInfo (0ms)
			ResolveRequiredComponents (4ms)
	FinalizeReload (605ms)
		ReleaseScriptCaches (0ms)
		RebuildScriptCaches (0ms)
		SetupLoadedEditorAssemblies (241ms)
			LogAssemblyErrors (0ms)
			InitializePlatformSupportModulesInManaged (4ms)
			SetLoadedEditorAssemblies (2ms)
			RefreshPlugins (0ms)
			BeforeProcessingInitializeOnLoad (45ms)
			ProcessInitializeOnLoadAttributes (168ms)
			ProcessInitializeOnLoadMethodAttributes (16ms)
			AfterProcessingInitializeOnLoad (6ms)
			EditorAssembliesLoaded (0ms)
		ExecutionOrderSort2 (0ms)
		AwakeInstancesAfterBackupRestoration (14ms)
Refreshing native plugins compatible for Editor in 3.71 ms, found 3 plugins.
Preloading 0 native plugins for Editor in 0.00 ms.
Unloading 3287 Unused Serialized files (Serialized files now loaded: 0)
Unloading 27 unused Assets / (33.2 KB). Loaded Objects now: 3783.
Memory consumption went from 127.7 MB to 127.7 MB.
Total: 1.950100 ms (FindLiveObjects: 0.147000 ms CreateObjectMapping: 0.065600 ms MarkObjects: 1.704700 ms  DeleteObjects: 0.031800 ms)

Prepare: number of updated asset objects reloaded= 0
AssetImportParameters requested are different than current active one (requested -> active):
  custom:container-demuxer-ogg: 62fdf1f143b41e24485cea50d1cbac27 -> 
  custom:video-decoder-ogg-theora: a1e56fd34408186e4bbccfd4996cb3dc -> 
  custom:framework-win-MediaFoundation: 216162199b28c13a410421893ffa2e32 -> 
  custom:CustomObjectIndexerAttribute: 756ad292c208cfabdd7b50bc23989ffe -> 
  custom:container-demuxer-webm: 4f35f7cbe854078d1ac9338744f61a02 -> 
  custom:container-muxer-webm: aa71ff27fc2769a1b78a27578f13a17b -> 
  custom:video-decoder-webm-vp8: 9c59270c3fd7afecdb556c50c9e8de78 -> 
  custom:SearchIndexIgnoredProperties: e643bd26f0fe6173181afceb89e7c659 -> 
  custom:AudioImporter_EditorPlatform: d09bf68614088b80899f8185d706f6e7 -> 
  custom:video-encoder-webm-vp8: eb34c28f22e8b96e1ab97ce403110664 -> 
  custom:audio-decoder-ogg-vorbis: bf7c407c2cedff20999df2af8eb42d56 -> 
  custom:audio-encoder-webm-vorbis: bf7c407c2cedff20999df2af8eb42d56 -> 
========================================================================
Received Import Request.
  Time since last request: 60.416935 seconds.
  path: Assets/LowPolyInterior/Prefabs/Walls/Wall_11.prefab
  artifactKey: Guid(785993f073bbf8a4a9b498b76eed029e) Importer(815301076,1909f56bfc062723c751e8b465ee728b)
Start importing Assets/LowPolyInterior/Prefabs/Walls/Wall_11.prefab using Guid(785993f073bbf8a4a9b498b76eed029e) Importer(815301076,1909f56bfc062723c751e8b465ee728b)  -> (artifact id: 'bd218ce8499cab35f9ca806427d33e78') in 0.057315 seconds
Number of updated asset objects reloaded before import = 0
Number of asset objects unloaded after import = 10
========================================================================
Received Import Request.
  Time since last request: 0.000013 seconds.
  path: Assets/LowPolyInterior/Prefabs/Walls/WallFloor2_02.prefab
  artifactKey: Guid(ae0576c01c6f3434ea461366d13d9b6e) Importer(815301076,1909f56bfc062723c751e8b465ee728b)
Start importing Assets/LowPolyInterior/Prefabs/Walls/WallFloor2_02.prefab using Guid(ae0576c01c6f3434ea461366d13d9b6e) Importer(815301076,1909f56bfc062723c751e8b465ee728b)  -> (artifact id: '5630a45b204a3a1b507647ab22cccab5') in 0.006831 seconds
Number of updated asset objects reloaded before import = 0
Number of asset objects unloaded after import = 10
========================================================================
Received Import Request.
  Time since last request: 0.000018 seconds.
  path: Assets/LowPolyInterior/Prefabs/Walls/WallFloor1_05.prefab
  artifactKey: Guid(d5fdd893efe98eb4e9e37cf920d12da0) Importer(815301076,1909f56bfc062723c751e8b465ee728b)
Start importing Assets/LowPolyInterior/Prefabs/Walls/WallFloor1_05.prefab using Guid(d5fdd893efe98eb4e9e37cf920d12da0) Importer(815301076,1909f56bfc062723c751e8b465ee728b)  -> (artifact id: '31e067136a940cedd3d21380e0270bb4') in 0.006647 seconds
Number of updated asset objects reloaded before import = 0
Number of asset objects unloaded after import = 10
========================================================================
Received Import Request.
  Time since last request: 0.000013 seconds.
  path: Assets/LowPolyInterior/Prefabs/Walls/Wall_13.prefab
  artifactKey: Guid(081dc4f08fbc04e4fbe7c287a49829f6) Importer(815301076,1909f56bfc062723c751e8b465ee728b)
Start importing Assets/LowPolyInterior/Prefabs/Walls/Wall_13.prefab using Guid(081dc4f08fbc04e4fbe7c287a49829f6) Importer(815301076,1909f56bfc062723c751e8b465ee728b)  -> (artifact id: '7f6815400d0d040f46904ae0c41e301c') in 0.011607 seconds
Number of updated asset objects reloaded before import = 0
Number of asset objects unloaded after import = 10
========================================================================
Received Import Request.
  Time since last request: 0.000013 seconds.
  path: Assets/LowPolyInterior/Prefabs/Walls/WallFloor1_04.prefab
  artifactKey: Guid(2b8bddb6e6dd3e04fb7e0e8ba9fcc711) Importer(815301076,1909f56bfc062723c751e8b465ee728b)
Start importing Assets/LowPolyInterior/Prefabs/Walls/WallFloor1_04.prefab using Guid(2b8bddb6e6dd3e04fb7e0e8ba9fcc711) Importer(815301076,1909f56bfc062723c751e8b465ee728b)  -> (artifact id: 'a3623bffb93060496d0fcb000ed01303') in 0.028307 seconds
Number of updated asset objects reloaded before import = 0
Number of asset objects unloaded after import = 10
========================================================================
Received Import Request.
  Time since last request: 0.000012 seconds.
  path: Assets/LowPolyInterior/Prefabs/Walls/WallFloor1_03.prefab
  artifactKey: Guid(9c69e26437860ec45953224eed28846c) Importer(815301076,1909f56bfc062723c751e8b465ee728b)
Start importing Assets/LowPolyInterior/Prefabs/Walls/WallFloor1_03.prefab using Guid(9c69e26437860ec45953224eed28846c) Importer(815301076,1909f56bfc062723c751e8b465ee728b)  -> (artifact id: 'd0455e070d804862d3ffc433801317e7') in 0.006835 seconds
Number of updated asset objects reloaded before import = 0
Number of asset objects unloaded after import = 10
========================================================================
Received Import Request.
  Time since last request: 0.000010 seconds.
  path: Assets/LowPolyInterior/Prefabs/Walls/WallFloor2_06.prefab
  artifactKey: Guid(0dc1abd4a2b3abe4d80fdc68004b85ab) Importer(815301076,1909f56bfc062723c751e8b465ee728b)
Start importing Assets/LowPolyInterior/Prefabs/Walls/WallFloor2_06.prefab using Guid(0dc1abd4a2b3abe4d80fdc68004b85ab) Importer(815301076,1909f56bfc062723c751e8b465ee728b)  -> (artifact id: '04814af9b1d52eefe5f7582176965183') in 0.014252 seconds
Number of updated asset objects reloaded before import = 0
Number of asset objects unloaded after import = 10
========================================================================
Received Import Request.
  Time since last request: 0.000011 seconds.
  path: Assets/LowPolyInterior/Prefabs/Walls/WallFloor1_02.prefab
  artifactKey: Guid(47b5d483155e5ca4b97a825651e457cf) Importer(815301076,1909f56bfc062723c751e8b465ee728b)
Start importing Assets/LowPolyInterior/Prefabs/Walls/WallFloor1_02.prefab using Guid(47b5d483155e5ca4b97a825651e457cf) Importer(815301076,1909f56bfc062723c751e8b465ee728b)  -> (artifact id: 'c54c8f21eb17eb282884b38bf6db511f') in 0.006757 seconds
Number of updated asset objects reloaded before import = 0
Number of asset objects unloaded after import = 10
========================================================================
Received Import Request.
  Time since last request: 0.000012 seconds.
  path: Assets/LowPolyInterior/Prefabs/Walls/WallFloor1_11.prefab
  artifactKey: Guid(866662877bcd661468431501da0a5322) Importer(815301076,1909f56bfc062723c751e8b465ee728b)
Start importing Assets/LowPolyInterior/Prefabs/Walls/WallFloor1_11.prefab using Guid(866662877bcd661468431501da0a5322) Importer(815301076,1909f56bfc062723c751e8b465ee728b)  -> (artifact id: '2afb78e6d8c4a9b3b093d4b08839bf96') in 0.007506 seconds
Number of updated asset objects reloaded before import = 0
Number of asset objects unloaded after import = 10
========================================================================
Received Import Request.
  Time since last request: 0.000011 seconds.
  path: Assets/LowPolyInterior/Prefabs/Walls/WallFloor1_12.prefab
  artifactKey: Guid(9c0fbda2d76f3b8408107821d81efc7b) Importer(815301076,1909f56bfc062723c751e8b465ee728b)
Start importing Assets/LowPolyInterior/Prefabs/Walls/WallFloor1_12.prefab using Guid(9c0fbda2d76f3b8408107821d81efc7b) Importer(815301076,1909f56bfc062723c751e8b465ee728b)  -> (artifact id: '1b534d60ca667df18a6aaf31bafe9cfe') in 0.017488 seconds
Number of updated asset objects reloaded before import = 0
Number of asset objects unloaded after import = 10
========================================================================
Received Import Request.
  Time since last request: 0.000010 seconds.
  path: Assets/LowPolyInterior/Prefabs/Walls/WallFloor2_05.prefab
  artifactKey: Guid(bc79b4c0d4a580144aeb0f6d1051aa31) Importer(815301076,1909f56bfc062723c751e8b465ee728b)
Start importing Assets/LowPolyInterior/Prefabs/Walls/WallFloor2_05.prefab using Guid(bc79b4c0d4a580144aeb0f6d1051aa31) Importer(815301076,1909f56bfc062723c751e8b465ee728b)  -> (artifact id: '7cde47f49d50655662a7985aad87e533') in 0.007561 seconds
Number of updated asset objects reloaded before import = 0
Number of asset objects unloaded after import = 10
========================================================================
Received Import Request.
  Time since last request: 0.000012 seconds.
  path: Assets/LowPolyInterior/Prefabs/Walls/WallFloor1_01.prefab
  artifactKey: Guid(5b99f53fe6b04ce4cb2e6988422ee42f) Importer(815301076,1909f56bfc062723c751e8b465ee728b)
Start importing Assets/LowPolyInterior/Prefabs/Walls/WallFloor1_01.prefab using Guid(5b99f53fe6b04ce4cb2e6988422ee42f) Importer(815301076,1909f56bfc062723c751e8b465ee728b)  -> (artifact id: '07c2b4071a2305336869a85e07b03dd2') in 0.009108 seconds
Number of updated asset objects reloaded before import = 0
Number of asset objects unloaded after import = 10
========================================================================
Received Import Request.
  Time since last request: 0.000013 seconds.
  path: Assets/LowPolyInterior/Prefabs/Walls/WallFloor1_06.prefab
  artifactKey: Guid(2fd3ee0389fc8cb4c9f6314bd779afb3) Importer(815301076,1909f56bfc062723c751e8b465ee728b)
Start importing Assets/LowPolyInterior/Prefabs/Walls/WallFloor1_06.prefab using Guid(2fd3ee0389fc8cb4c9f6314bd779afb3) Importer(815301076,1909f56bfc062723c751e8b465ee728b)  -> (artifact id: 'efe58561a661f6524fe0b195177cb7ae') in 0.011018 seconds
Number of updated asset objects reloaded before import = 0
Number of asset objects unloaded after import = 10
========================================================================
Received Import Request.
  Time since last request: 8.953835 seconds.
  path: Assets/Resources/Player.prefab
  artifactKey: Guid(23568579c8cbda54c84a4973c56bee74) Importer(815301076,1909f56bfc062723c751e8b465ee728b)
Start importing Assets/Resources/Player.prefab using Guid(23568579c8cbda54c84a4973c56bee74) Importer(815301076,1909f56bfc062723c751e8b465ee728b)  -> (artifact id: '4f49fa305f7493b37c77b806cfa47728') in 0.052517 seconds
Internal: There are remaining Allocations on the JobTempAlloc. This is a leak, and will impact performance
To Debug, run app with -diag-job-temp-memory-leak-validation cmd line argument. This will output the callstacks of the leaked allocations.
Number of updated asset objects reloaded before import = 0
Number of asset objects unloaded after import = 105
========================================================================
Received Prepare
Begin MonoManager ReloadAssembly
Symbol file data-000001ABFE9BB020 doesn't match image C:\GitHub\unity_nohead_t\noHead\Library\ScriptAssemblies\Unity.EditorCoroutines.Editor.dll
Symbol file LoadedFromMemory is not a mono symbol file
Symbol file data-000001ABFEE4FFF0 doesn't match image C:\GitHub\unity_nohead_t\noHead\Library\ScriptAssemblies\Unity.PlasticSCM.Editor.dll
Symbol file LoadedFromMemory is not a mono symbol file
Symbol file data-000001ABFF1E7020 doesn't match image C:\GitHub\unity_nohead_t\noHead\Library\ScriptAssemblies\Unity.Timeline.Editor.dll
Symbol file LoadedFromMemory is not a mono symbol file
Symbol file data-000001ABFE9BB020 doesn't match image C:\GitHub\unity_nohead_t\noHead\Library\ScriptAssemblies\Unity.VisualScripting.Shared.Editor.dll
Symbol file LoadedFromMemory is not a mono symbol file
Symbol file data-000001AA4032D030 doesn't match image C:\GitHub\unity_nohead_t\noHead\Library\ScriptAssemblies\Unity.CollabProxy.Editor.dll
Symbol file LoadedFromMemory is not a mono symbol file
Symbol file data-000001AA41C87380 doesn't match image C:\GitHub\unity_nohead_t\noHead\Library\ScriptAssemblies\Unity.VisualStudio.Editor.dll
Symbol file LoadedFromMemory is not a mono symbol file
Symbol file data-000001ABFF394010 doesn't match image C:\GitHub\unity_nohead_t\noHead\Library\ScriptAssemblies\UnityEditor.UI.dll
Symbol file LoadedFromMemory is not a mono symbol file
Symbol file data-000001AA4B1E0640 doesn't match image C:\GitHub\unity_nohead_t\noHead\Library\ScriptAssemblies\Unity.VisualScripting.Core.dll
Symbol file LoadedFromMemory is not a mono symbol file
Symbol file data-000001AA4B79F010 doesn't match image C:\GitHub\unity_nohead_t\noHead\Library\ScriptAssemblies\UnityEngine.UI.dll
Symbol file LoadedFromMemory is not a mono symbol file
Symbol file data-000001ABFE9D9470 doesn't match image C:\GitHub\unity_nohead_t\noHead\Library\ScriptAssemblies\Unity.VisualScripting.Core.Editor.dll
Symbol file LoadedFromMemory is not a mono symbol file
Symbol file data-000001ABFE775010 doesn't match image C:\GitHub\unity_nohead_t\noHead\Library\ScriptAssemblies\Unity.Rider.Editor.dll
Symbol file LoadedFromMemory is not a mono symbol file
Symbol file data-000001AA41A89020 doesn't match image C:\GitHub\unity_nohead_t\noHead\Library\ScriptAssemblies\UnityEditor.TestRunner.dll
Symbol file LoadedFromMemory is not a mono symbol file
Symbol file data-000001AA400D8020 doesn't match image C:\GitHub\unity_nohead_t\noHead\Library\ScriptAssemblies\Unity.VisualScripting.Flow.dll
Symbol file LoadedFromMemory is not a mono symbol file
Symbol file data-000001AA4099B010 doesn't match image C:\GitHub\unity_nohead_t\noHead\Library\ScriptAssemblies\Unity.VisualScripting.Flow.Editor.dll
Symbol file LoadedFromMemory is not a mono symbol file
Symbol file data-000001AA41F85030 doesn't match image C:\GitHub\unity_nohead_t\noHead\Library\ScriptAssemblies\Unity.Timeline.dll
Symbol file LoadedFromMemory is not a mono symbol file
Symbol file data-000001AA4B06B010 doesn't match image C:\GitHub\unity_nohead_t\noHead\Library\ScriptAssemblies\Unity.TestTools.CodeCoverage.Editor.OpenCover.Mono.Reflection.dll
Symbol file LoadedFromMemory is not a mono symbol file
Symbol file data-000001AA4B06B010 doesn't match image C:\GitHub\unity_nohead_t\noHead\Library\ScriptAssemblies\Unity.VisualScripting.SettingsProvider.Editor.dll
Symbol file LoadedFromMemory is not a mono symbol file
Symbol file data-000001AA4ADFB020 doesn't match image C:\GitHub\unity_nohead_t\noHead\Library\ScriptAssemblies\Unity.Performance.Profile-Analyzer.Editor.dll
Symbol file LoadedFromMemory is not a mono symbol file
Symbol file data-000001AA400FBE30 doesn't match image C:\GitHub\unity_nohead_t\noHead\Library\ScriptAssemblies\Unity.TestTools.CodeCoverage.Editor.dll
Symbol file LoadedFromMemory is not a mono symbol file
Symbol file data-000001ABFE5C7040 doesn't match image C:\GitHub\unity_nohead_t\noHead\Library\ScriptAssemblies\Unity.TestTools.CodeCoverage.Editor.OpenCover.Model.dll
Symbol file LoadedFromMemory is not a mono symbol file
Symbol file data-000001ABFC88A030 doesn't match image C:\GitHub\unity_nohead_t\noHead\Library\ScriptAssemblies\UnityEngine.TestRunner.dll
Symbol file LoadedFromMemory is not a mono symbol file
Symbol file data-000001ABFF394010 doesn't match image C:\GitHub\unity_nohead_t\noHead\Library\ScriptAssemblies\Unity.VisualScripting.State.Editor.dll
Symbol file LoadedFromMemory is not a mono symbol file
Symbol file data-000001ABFE5C7040 doesn't match image C:\GitHub\unity_nohead_t\noHead\Library\ScriptAssemblies\Unity.Settings.Editor.dll
Symbol file LoadedFromMemory is not a mono symbol file
Symbol file data-000001ABFEE4FFF0 doesn't match image C:\GitHub\unity_nohead_t\noHead\Library\ScriptAssemblies\Unity.TextMeshPro.dll
Symbol file LoadedFromMemory is not a mono symbol file
Symbol file data-000001AA4AE32010 doesn't match image C:\GitHub\unity_nohead_t\noHead\Library\ScriptAssemblies\Unity.TextMeshPro.Editor.dll
Symbol file LoadedFromMemory is not a mono symbol file
Symbol file data-000001AA4B307050 doesn't match image C:\GitHub\unity_nohead_t\noHead\Library\ScriptAssemblies\Unity.VisualScripting.State.dll
Symbol file LoadedFromMemory is not a mono symbol file
Symbol file data-000001AA40EE3020 doesn't match image C:\GitHub\unity_nohead_t\noHead\Library\ScriptAssemblies\Unity.VSCode.Editor.dll
Symbol file LoadedFromMemory is not a mono symbol file
Symbol file LoadedFromMemory doesn't match image C:\GitHub\unity_nohead_t\noHead\Library\PackageCache\com.unity.visualscripting@1.8.0\Editor\VisualScripting.Core\Dependencies\YamlDotNet\Unity.VisualScripting.YamlDotNet.dll
Symbol file LoadedFromMemory doesn't match image C:\GitHub\unity_nohead_t\noHead\Library\PackageCache\com.unity.visualscripting@1.8.0\Editor\VisualScripting.Core\Dependencies\DotNetZip\Unity.VisualScripting.IonicZip.dll
- Loaded All Assemblies, in  0.549 seconds
Refreshing native plugins compatible for Editor in 3.85 ms, found 3 plugins.
Native extension for WindowsStandalone target not found
Mono: successfully reloaded assembly
- Finished resetting the current domain, in  0.667 seconds
Domain Reload Profiling: 1213ms
	BeginReloadAssembly (117ms)
		ExecutionOrderSort (0ms)
		DisableScriptedObjects (3ms)
		BackupInstance (0ms)
		ReleaseScriptingObjects (0ms)
		CreateAndSetChildDomain (28ms)
	RebuildCommonClasses (26ms)
	RebuildNativeTypeToScriptingClass (11ms)
	initialDomainReloadingComplete (24ms)
	LoadAllAssembliesAndSetupDomain (368ms)
		LoadAssemblies (222ms)
		RebuildTransferFunctionScriptingTraits (0ms)
		AnalyzeDomain (201ms)
			TypeCache.Refresh (197ms)
				TypeCache.ScanAssembly (190ms)
			ScanForSourceGeneratedMonoScriptInfo (0ms)
			ResolveRequiredComponents (4ms)
	FinalizeReload (667ms)
		ReleaseScriptCaches (0ms)
		RebuildScriptCaches (0ms)
		SetupLoadedEditorAssemblies (274ms)
			LogAssemblyErrors (0ms)
			InitializePlatformSupportModulesInManaged (5ms)
			SetLoadedEditorAssemblies (3ms)
			RefreshPlugins (0ms)
			BeforeProcessingInitializeOnLoad (47ms)
			ProcessInitializeOnLoadAttributes (190ms)
			ProcessInitializeOnLoadMethodAttributes (21ms)
			AfterProcessingInitializeOnLoad (7ms)
			EditorAssembliesLoaded (0ms)
		ExecutionOrderSort2 (0ms)
		AwakeInstancesAfterBackupRestoration (15ms)
Refreshing native plugins compatible for Editor in 3.61 ms, found 3 plugins.
Preloading 0 native plugins for Editor in 0.00 ms.
Unloading 3287 Unused Serialized files (Serialized files now loaded: 0)
Unloading 27 unused Assets / (33.3 KB). Loaded Objects now: 3789.
Memory consumption went from 129.5 MB to 129.5 MB.
Total: 2.086600 ms (FindLiveObjects: 0.161600 ms CreateObjectMapping: 0.176100 ms MarkObjects: 1.714800 ms  DeleteObjects: 0.033600 ms)

Prepare: number of updated asset objects reloaded= 0
AssetImportParameters requested are different than current active one (requested -> active):
  custom:container-demuxer-ogg: 62fdf1f143b41e24485cea50d1cbac27 -> 
  custom:video-decoder-ogg-theora: a1e56fd34408186e4bbccfd4996cb3dc -> 
  custom:framework-win-MediaFoundation: 216162199b28c13a410421893ffa2e32 -> 
  custom:CustomObjectIndexerAttribute: 756ad292c208cfabdd7b50bc23989ffe -> 
  custom:container-demuxer-webm: 4f35f7cbe854078d1ac9338744f61a02 -> 
  custom:container-muxer-webm: aa71ff27fc2769a1b78a27578f13a17b -> 
  custom:video-decoder-webm-vp8: 9c59270c3fd7afecdb556c50c9e8de78 -> 
  custom:SearchIndexIgnoredProperties: e643bd26f0fe6173181afceb89e7c659 -> 
  custom:AudioImporter_EditorPlatform: d09bf68614088b80899f8185d706f6e7 -> 
  custom:video-encoder-webm-vp8: eb34c28f22e8b96e1ab97ce403110664 -> 
  custom:audio-decoder-ogg-vorbis: bf7c407c2cedff20999df2af8eb42d56 -> 
  custom:audio-encoder-webm-vorbis: bf7c407c2cedff20999df2af8eb42d56 -> 
========================================================================
Received Prepare
Begin MonoManager ReloadAssembly
Symbol file data-000001ABFC646020 doesn't match image C:\GitHub\unity_nohead_t\noHead\Library\ScriptAssemblies\Unity.EditorCoroutines.Editor.dll
Symbol file LoadedFromMemory is not a mono symbol file
Symbol file data-000001ABFEE4FFF0 doesn't match image C:\GitHub\unity_nohead_t\noHead\Library\ScriptAssemblies\Unity.PlasticSCM.Editor.dll
Symbol file LoadedFromMemory is not a mono symbol file
Symbol file data-000001ABFF1E7020 doesn't match image C:\GitHub\unity_nohead_t\noHead\Library\ScriptAssemblies\Unity.Timeline.Editor.dll
Symbol file LoadedFromMemory is not a mono symbol file
Symbol file data-000001ABFC646020 doesn't match image C:\GitHub\unity_nohead_t\noHead\Library\ScriptAssemblies\Unity.VisualScripting.Shared.Editor.dll
Symbol file LoadedFromMemory is not a mono symbol file
Symbol file data-000001ABFC862040 doesn't match image C:\GitHub\unity_nohead_t\noHead\Library\ScriptAssemblies\Unity.CollabProxy.Editor.dll
Symbol file LoadedFromMemory is not a mono symbol file
Symbol file data-000001AA414D0050 doesn't match image C:\GitHub\unity_nohead_t\noHead\Library\ScriptAssemblies\Unity.VisualStudio.Editor.dll
Symbol file LoadedFromMemory is not a mono symbol file
Symbol file data-000001AA414D0050 doesn't match image C:\GitHub\unity_nohead_t\noHead\Library\ScriptAssemblies\UnityEditor.UI.dll
Symbol file LoadedFromMemory is not a mono symbol file
Symbol file data-000001AA4B1E0640 doesn't match image C:\GitHub\unity_nohead_t\noHead\Library\ScriptAssemblies\Unity.VisualScripting.Core.dll
Symbol file LoadedFromMemory is not a mono symbol file
Symbol file data-000001AA49A54030 doesn't match image C:\GitHub\unity_nohead_t\noHead\Library\ScriptAssemblies\UnityEngine.UI.dll
Symbol file LoadedFromMemory is not a mono symbol file
Symbol file data-000001ABFE54C010 doesn't match image C:\GitHub\unity_nohead_t\noHead\Library\ScriptAssemblies\Unity.VisualScripting.Core.Editor.dll
Symbol file LoadedFromMemory is not a mono symbol file
Symbol file data-000001ABFE775010 doesn't match image C:\GitHub\unity_nohead_t\noHead\Library\ScriptAssemblies\Unity.Rider.Editor.dll
Symbol file LoadedFromMemory is not a mono symbol file
Symbol file data-000001AA4B834250 doesn't match image C:\GitHub\unity_nohead_t\noHead\Library\ScriptAssemblies\UnityEditor.TestRunner.dll
Symbol file LoadedFromMemory is not a mono symbol file
Symbol file data-000001ABFC828010 doesn't match image C:\GitHub\unity_nohead_t\noHead\Library\ScriptAssemblies\Unity.VisualScripting.Flow.dll
Symbol file LoadedFromMemory is not a mono symbol file
Symbol file data-000001AA4B834250 doesn't match image C:\GitHub\unity_nohead_t\noHead\Library\ScriptAssemblies\Unity.VisualScripting.Flow.Editor.dll
Symbol file LoadedFromMemory is not a mono symbol file
Symbol file data-000001AA41F85030 doesn't match image C:\GitHub\unity_nohead_t\noHead\Library\ScriptAssemblies\Unity.Timeline.dll
Symbol file LoadedFromMemory is not a mono symbol file
Symbol file data-000001AA411A0020 doesn't match image C:\GitHub\unity_nohead_t\noHead\Library\ScriptAssemblies\Unity.TestTools.CodeCoverage.Editor.OpenCover.Mono.Reflection.dll
Symbol file LoadedFromMemory is not a mono symbol file
Symbol file data-000001AA411A0020 doesn't match image C:\GitHub\unity_nohead_t\noHead\Library\ScriptAssemblies\Unity.VisualScripting.SettingsProvider.Editor.dll
Symbol file LoadedFromMemory is not a mono symbol file
Symbol file data-000001AA4B2D3020 doesn't match image C:\GitHub\unity_nohead_t\noHead\Library\ScriptAssemblies\Unity.Performance.Profile-Analyzer.Editor.dll
Symbol file LoadedFromMemory is not a mono symbol file
Symbol file data-000001ABFCC6C010 doesn't match image C:\GitHub\unity_nohead_t\noHead\Library\ScriptAssemblies\Unity.TestTools.CodeCoverage.Editor.dll
Symbol file LoadedFromMemory is not a mono symbol file
Symbol file data-000001AA4ADA0010 doesn't match image C:\GitHub\unity_nohead_t\noHead\Library\ScriptAssemblies\Unity.TestTools.CodeCoverage.Editor.OpenCover.Model.dll
Symbol file LoadedFromMemory is not a mono symbol file
Symbol file data-000001ABFCDBF030 doesn't match image C:\GitHub\unity_nohead_t\noHead\Library\ScriptAssemblies\UnityEngine.TestRunner.dll
Symbol file LoadedFromMemory is not a mono symbol file
Symbol file data-000001AA412DB030 doesn't match image C:\GitHub\unity_nohead_t\noHead\Library\ScriptAssemblies\Unity.VisualScripting.State.Editor.dll
Symbol file LoadedFromMemory is not a mono symbol file
Symbol file data-000001AA4ADA0010 doesn't match image C:\GitHub\unity_nohead_t\noHead\Library\ScriptAssemblies\Unity.Settings.Editor.dll
Symbol file LoadedFromMemory is not a mono symbol file
Symbol file data-000001AA403D0020 doesn't match image C:\GitHub\unity_nohead_t\noHead\Library\ScriptAssemblies\Unity.TextMeshPro.dll
Symbol file LoadedFromMemory is not a mono symbol file
Symbol file data-000001AA40716020 doesn't match image C:\GitHub\unity_nohead_t\noHead\Library\ScriptAssemblies\Unity.TextMeshPro.Editor.dll
Symbol file LoadedFromMemory is not a mono symbol file
Symbol file data-000001ABFE9BB020 doesn't match image C:\GitHub\unity_nohead_t\noHead\Library\ScriptAssemblies\Unity.VisualScripting.State.dll
Symbol file LoadedFromMemory is not a mono symbol file
Symbol file data-000001AA4B06B010 doesn't match image C:\GitHub\unity_nohead_t\noHead\Library\ScriptAssemblies\Unity.VSCode.Editor.dll
Symbol file LoadedFromMemory is not a mono symbol file
Symbol file LoadedFromMemory doesn't match image C:\GitHub\unity_nohead_t\noHead\Library\PackageCache\com.unity.visualscripting@1.8.0\Editor\VisualScripting.Core\Dependencies\YamlDotNet\Unity.VisualScripting.YamlDotNet.dll
Symbol file LoadedFromMemory doesn't match image C:\GitHub\unity_nohead_t\noHead\Library\PackageCache\com.unity.visualscripting@1.8.0\Editor\VisualScripting.Core\Dependencies\DotNetZip\Unity.VisualScripting.IonicZip.dll
- Loaded All Assemblies, in  0.526 seconds
Refreshing native plugins compatible for Editor in 4.14 ms, found 3 plugins.
Native extension for WindowsStandalone target not found
Mono: successfully reloaded assembly
- Finished resetting the current domain, in  0.626 seconds
Domain Reload Profiling: 1149ms
	BeginReloadAssembly (106ms)
		ExecutionOrderSort (0ms)
		DisableScriptedObjects (3ms)
		BackupInstance (0ms)
		ReleaseScriptingObjects (0ms)
		CreateAndSetChildDomain (23ms)
	RebuildCommonClasses (24ms)
	RebuildNativeTypeToScriptingClass (8ms)
	initialDomainReloadingComplete (31ms)
	LoadAllAssembliesAndSetupDomain (355ms)
		LoadAssemblies (207ms)
		RebuildTransferFunctionScriptingTraits (0ms)
		AnalyzeDomain (196ms)
			TypeCache.Refresh (192ms)
				TypeCache.ScanAssembly (185ms)
			ScanForSourceGeneratedMonoScriptInfo (0ms)
			ResolveRequiredComponents (4ms)
	FinalizeReload (626ms)
		ReleaseScriptCaches (0ms)
		RebuildScriptCaches (0ms)
		SetupLoadedEditorAssemblies (242ms)
			LogAssemblyErrors (0ms)
			InitializePlatformSupportModulesInManaged (4ms)
			SetLoadedEditorAssemblies (3ms)
			RefreshPlugins (0ms)
			BeforeProcessingInitializeOnLoad (46ms)
			ProcessInitializeOnLoadAttributes (165ms)
			ProcessInitializeOnLoadMethodAttributes (16ms)
			AfterProcessingInitializeOnLoad (6ms)
			EditorAssembliesLoaded (0ms)
		ExecutionOrderSort2 (0ms)
		AwakeInstancesAfterBackupRestoration (12ms)
Refreshing native plugins compatible for Editor in 5.06 ms, found 3 plugins.
Preloading 0 native plugins for Editor in 0.00 ms.
Unloading 3288 Unused Serialized files (Serialized files now loaded: 0)
Unloading 27 unused Assets / (33.4 KB). Loaded Objects now: 3793.
Memory consumption went from 129.8 MB to 129.8 MB.
Total: 1.892200 ms (FindLiveObjects: 0.143300 ms CreateObjectMapping: 0.067300 ms MarkObjects: 1.642100 ms  DeleteObjects: 0.038800 ms)

Prepare: number of updated asset objects reloaded= 0
AssetImportParameters requested are different than current active one (requested -> active):
  custom:container-demuxer-ogg: 62fdf1f143b41e24485cea50d1cbac27 -> 
  custom:video-decoder-ogg-theora: a1e56fd34408186e4bbccfd4996cb3dc -> 
  custom:framework-win-MediaFoundation: 216162199b28c13a410421893ffa2e32 -> 
  custom:CustomObjectIndexerAttribute: 756ad292c208cfabdd7b50bc23989ffe -> 
  custom:container-demuxer-webm: 4f35f7cbe854078d1ac9338744f61a02 -> 
  custom:container-muxer-webm: aa71ff27fc2769a1b78a27578f13a17b -> 
  custom:video-decoder-webm-vp8: 9c59270c3fd7afecdb556c50c9e8de78 -> 
  custom:SearchIndexIgnoredProperties: e643bd26f0fe6173181afceb89e7c659 -> 
  custom:AudioImporter_EditorPlatform: d09bf68614088b80899f8185d706f6e7 -> 
  custom:video-encoder-webm-vp8: eb34c28f22e8b96e1ab97ce403110664 -> 
  custom:audio-decoder-ogg-vorbis: bf7c407c2cedff20999df2af8eb42d56 -> 
  custom:audio-encoder-webm-vorbis: bf7c407c2cedff20999df2af8eb42d56 -> 
