Base path: 'C:/Program Files/Unity/Hub/Editor/Unity 2022.3.4f1/Editor/Data', plugins path 'C:/Program Files/Unity/Hub/Editor/Unity 2022.3.4f1/Editor/Data/PlaybackEngines'
Cmd: initializeCompiler

Cmd: disassembleShader
 name=Standard platform=d3d11 type=15 mask=6 insize=1926 outsize=3310 ok=1

Cmd: disassembleShader
 name=Standard platform=d3d11 type=17 mask=6 insize=7310 outsize=10335 ok=1

Cmd: disassembleShader
 name=Standard platform=d3d11 type=17 mask=6 insize=6950 outsize=9813 ok=1

Cmd: disassembleShader
 name=Standard platform=d3d11 type=15 mask=6 insize=1722 outsize=3080 ok=1

Cmd: disassembleShader
 name=Standard platform=d3d11 type=15 mask=6 insize=1950 outsize=3415 ok=1

Cmd: disassembleShader
 name=Standard platform=d3d11 type=15 mask=6 insize=1950 outsize=3415 ok=1

Cmd: disassembleShader
 name=Standard platform=d3d11 type=15 mask=6 insize=2330 outsize=3899 ok=1

Cmd: disassembleShader
 name=Standard platform=d3d11 type=17 mask=6 insize=4766 outsize=6777 ok=1

Cmd: disassembleShader
 name=Standard platform=d3d11 type=17 mask=6 insize=5230 outsize=7558 ok=1

Cmd: disassembleShader
 name=Standard platform=d3d11 type=17 mask=6 insize=5622 outsize=8125 ok=1

Cmd: disassembleShader
 name=Standard platform=d3d11 type=17 mask=6 insize=5258 outsize=7513 ok=1

Cmd: disassembleShader
 name=Standard platform=d3d11 type=15 mask=6 insize=1450 outsize=2358 ok=1

Cmd: disassembleShader
 name=Standard platform=d3d11 type=17 mask=6 insize=250 outsize=660 ok=1

Cmd: disassembleShader
 name=Standard platform=d3d11 type=15 mask=6 insize=1838 outsize=3163 ok=1

Cmd: disassembleShader
 name=Standard platform=d3d11 type=15 mask=6 insize=1838 outsize=3163 ok=1

Cmd: disassembleShader
 name=Standard platform=d3d11 type=17 mask=6 insize=2610 outsize=4598 ok=1

Cmd: disassembleShader
 name=Standard platform=d3d11 type=15 mask=6 insize=2366 outsize=3950 ok=1

Cmd: disassembleShader
 name=Standard platform=d3d11 type=15 mask=6 insize=2726 outsize=4408 ok=1

Cmd: disassembleShader
 name=Standard platform=d3d11 type=15 mask=6 insize=1746 outsize=3071 ok=1

Cmd: disassembleShader
 name=Standard platform=d3d11 type=17 mask=6 insize=3162 outsize=5189 ok=1

Cmd: disassembleShader
 name=Standard platform=d3d11 type=17 mask=6 insize=2922 outsize=4828 ok=1

Cmd: disassembleShader
 name=Standard platform=d3d11 type=15 mask=6 insize=2178 outsize=3653 ok=1

Cmd: disassembleShader
 name=Standard platform=d3d11 type=15 mask=6 insize=1798 outsize=3169 ok=1

Cmd: disassembleShader
 name=Standard platform=d3d11 type=15 mask=6 insize=2102 outsize=3593 ok=1

Cmd: disassembleShader
 name=Standard platform=d3d11 type=15 mask=6 insize=2482 outsize=4072 ok=1

Cmd: disassembleShader
 name=Standard platform=d3d11 type=17 mask=6 insize=2030 outsize=3530 ok=1

Cmd: disassembleShader
 name=Standard platform=d3d11 type=17 mask=6 insize=1986 outsize=3487 ok=1

Cmd: disassembleShader
 name=Standard platform=d3d11 type=17 mask=6 insize=2582 outsize=4431 ok=1

Cmd: disassembleShader
 name=Standard platform=d3d11 type=15 mask=6 insize=1330 outsize=2142 ok=1

Cmd: disassembleShader
 name=Standard platform=d3d11 type=17 mask=6 insize=250 outsize=660 ok=1

Cmd: shutdown
